This is pdfTeX, Version 3.14159265-2.6-1.40.17 (TeX Live 2016) (preloaded format=pdflatex 2017.3.16)  16 MAR 2017 12:44
entering extended mode
 restricted \write18 enabled.
 %&-line parsing enabled.
**classbackend.tex -file-line-error
(./classbackend.tex
LaTeX2e <2016/03/31>
Babel <3.9r> and hyphenation patterns for 22 language(s) loaded.
! Undefined control sequence.
l.1 \hypertarget
                {classbackend}{}\section{backend Class Reference} 
Here is how much of TeX's memory you used:
 5 strings out of 494447
 147 string characters out of 6166766
 47243 words of memory out of 5000000
 3441 multiletter control sequences out of 15000+600000
 3640 words of font info for 14 fonts, out of 8000000 for 9000
 319 hyphenation exceptions out of 8191
 5i,0n,1p,97b,8s stack positions out of 5000i,500n,10000p,200000b,80000s

!  ==> Fatal error occurred, no output PDF file produced!
